<html>
<body>
<pre>
<h1>Vision Build Log</h1>
<h2>Project:</h2>
E:\projects\lessons\microcomputer\lab4\stc89c52_digital_clock\stc89c52_digital_clock.uvproj
Project File Date:  11/20/2019

<h2>Output:</h2>
Build target '目标 1'
assembling STARTUP.A51...
compiling utils.c...
compiling led_seg.c...
compiling ds1302.c...
compiling keyboard.c...
compiling main.c...
linking...
*** WARNING L16: UNCALLED SEGMENT, IGNORED FOR OVERLAY PROCESS
    SEGMENT: ?PR?_LED_SEG_DRAW_CYCLE?LED_SEG
*** WARNING L16: UNCALLED SEGMENT, IGNORED FOR OVERLAY PROCESS
    SEGMENT: ?PR?DS1302_INIT?DS1302
*** WARNING L16: UNCALLED SEGMENT, IGNORED FOR OVERLAY PROCESS
    SEGMENT: ?PR?DS1302_STOP?DS1302
Program Size: data=48.2 xdata=0 code=700
creating hex file from "stc89c52_digital_clock"...
"stc89c52_digital_clock" - 0 Error(s), 3 Warning(s).
Build target '目标 1'
assembling STARTUP.A51...
compiling utils.c...
compiling led_seg.c...
compiling ds1302.c...
compiling keyboard.c...
compiling main.c...
linking...
*** WARNING L16: UNCALLED SEGMENT, IGNORED FOR OVERLAY PROCESS
    SEGMENT: ?PR?DS1302_INIT?DS1302
*** WARNING L16: UNCALLED SEGMENT, IGNORED FOR OVERLAY PROCESS
    SEGMENT: ?PR?DS1302_STOP?DS1302
Program Size: data=55.2 xdata=0 code=1168
creating hex file from "stc89c52_digital_clock"...
"stc89c52_digital_clock" - 0 Error(s), 2 Warning(s).
Build target '目标 1'
assembling STARTUP.A51...
compiling utils.c...
compiling led_seg.c...
compiling ds1302.c...
compiling keyboard.c...
compiling main.c...
linking...
*** WARNING L16: UNCALLED SEGMENT, IGNORED FOR OVERLAY PROCESS
    SEGMENT: ?PR?DS1302_INIT?DS1302
*** WARNING L16: UNCALLED SEGMENT, IGNORED FOR OVERLAY PROCESS
    SEGMENT: ?PR?DS1302_STOP?DS1302
Program Size: data=55.2 xdata=0 code=1192
creating hex file from "stc89c52_digital_clock"...
"stc89c52_digital_clock" - 0 Error(s), 2 Warning(s).
Build target '目标 1'
assembling STARTUP.A51...
compiling utils.c...
compiling led_seg.c...
compiling ds1302.c...
compiling keyboard.c...
compiling main.c...
linking...
*** WARNING L16: UNCALLED SEGMENT, IGNORED FOR OVERLAY PROCESS
    SEGMENT: ?PR?DS1302_INIT?DS1302
*** WARNING L16: UNCALLED SEGMENT, IGNORED FOR OVERLAY PROCESS
    SEGMENT: ?PR?DS1302_STOP?DS1302
Program Size: data=55.2 xdata=0 code=1201
creating hex file from "stc89c52_digital_clock"...
"stc89c52_digital_clock" - 0 Error(s), 2 Warning(s).
Build target '目标 1'
assembling STARTUP.A51...
compiling utils.c...
compiling led_seg.c...
compiling ds1302.c...
compiling keyboard.c...
compiling main.c...
linking...
*** WARNING L16: UNCALLED SEGMENT, IGNORED FOR OVERLAY PROCESS
    SEGMENT: ?PR?DS1302_INIT?DS1302
*** WARNING L16: UNCALLED SEGMENT, IGNORED FOR OVERLAY PROCESS
    SEGMENT: ?PR?DS1302_STOP?DS1302
Program Size: data=55.2 xdata=0 code=1183
creating hex file from "stc89c52_digital_clock"...
"stc89c52_digital_clock" - 0 Error(s), 2 Warning(s).
Build target '目标 1'
assembling STARTUP.A51...
compiling utils.c...
compiling led_seg.c...
compiling ds1302.c...
compiling keyboard.c...
compiling main.c...
linking...
*** WARNING L16: UNCALLED SEGMENT, IGNORED FOR OVERLAY PROCESS
    SEGMENT: ?PR?DS1302_STOP?DS1302
Program Size: data=57.2 xdata=0 code=1400
creating hex file from "stc89c52_digital_clock"...
"stc89c52_digital_clock" - 0 Error(s), 1 Warning(s).
Build target '目标 1'
assembling STARTUP.A51...
compiling utils.c...
compiling led_seg.c...
compiling ds1302.c...
SRC\DS1302.H(26): warning C329: single-line comment contains line-continuation
SRC\DS1302.H(27): warning C329: single-line comment contains line-continuation
SRC\DS1302.H(28): warning C329: single-line comment contains line-continuation
SRC\DS1302.H(29): warning C329: single-line comment contains line-continuation
SRC\DS1302.H(30): warning C329: single-line comment contains line-continuation
SRC\DS1302.H(33): warning C329: single-line comment contains line-continuation
SRC\DS1302.H(34): warning C329: single-line comment contains line-continuation
SRC\DS1302.H(35): warning C329: single-line comment contains line-continuation
SRC\DS1302.H(36): warning C329: single-line comment contains line-continuation
compiling keyboard.c...
compiling main.c...
SRC\DS1302.H(26): warning C329: single-line comment contains line-continuation
SRC\DS1302.H(27): warning C329: single-line comment contains line-continuation
SRC\DS1302.H(28): warning C329: single-line comment contains line-continuation
SRC\DS1302.H(29): warning C329: single-line comment contains line-continuation
SRC\DS1302.H(30): warning C329: single-line comment contains line-continuation
SRC\DS1302.H(33): warning C329: single-line comment contains line-continuation
SRC\DS1302.H(34): warning C329: single-line comment contains line-continuation
SRC\DS1302.H(35): warning C329: single-line comment contains line-continuation
SRC\DS1302.H(36): warning C329: single-line comment contains line-continuation
linking...
*** WARNING L16: UNCALLED SEGMENT, IGNORED FOR OVERLAY PROCESS
    SEGMENT: ?PR?DS1302_STOP?DS1302
Program Size: data=57.2 xdata=0 code=1390
creating hex file from "stc89c52_digital_clock"...
"stc89c52_digital_clock" - 0 Error(s), 19 Warning(s).
Build target '目标 1'
assembling STARTUP.A51...
compiling utils.c...
compiling led_seg.c...
compiling ds1302.c...
compiling keyboard.c...
compiling main.c...
linking...
*** WARNING L16: UNCALLED SEGMENT, IGNORED FOR OVERLAY PROCESS
    SEGMENT: ?PR?DS1302_STOP?DS1302
Program Size: data=57.2 xdata=0 code=1390
creating hex file from "stc89c52_digital_clock"...
"stc89c52_digital_clock" - 0 Error(s), 1 Warning(s).
Build target '目标 1'
assembling STARTUP.A51...
compiling utils.c...
compiling led_seg.c...
compiling ds1302.c...
compiling keyboard.c...
compiling main.c...
linking...
*** WARNING L16: UNCALLED SEGMENT, IGNORED FOR OVERLAY PROCESS
    SEGMENT: ?PR?DS1302_STOP?DS1302
Program Size: data=57.2 xdata=0 code=1388
creating hex file from "stc89c52_digital_clock"...
"stc89c52_digital_clock" - 0 Error(s), 1 Warning(s).
Build target '目标 1'
assembling STARTUP.A51...
compiling utils.c...
compiling led_seg.c...
compiling ds1302.c...
compiling keyboard.c...
compiling main.c...
linking...
*** WARNING L16: UNCALLED SEGMENT, IGNORED FOR OVERLAY PROCESS
    SEGMENT: ?PR?DS1302_STOP?DS1302
Program Size: data=57.2 xdata=0 code=1402
creating hex file from "stc89c52_digital_clock"...
"stc89c52_digital_clock" - 0 Error(s), 1 Warning(s).
Build target '目标 1'
assembling STARTUP.A51...
compiling utils.c...
compiling led_seg.c...
compiling ds1302.c...
compiling keyboard.c...
compiling main.c...
linking...
*** WARNING L16: UNCALLED SEGMENT, IGNORED FOR OVERLAY PROCESS
    SEGMENT: ?PR?DS1302_STOP?DS1302
Program Size: data=57.2 xdata=0 code=1404
creating hex file from "stc89c52_digital_clock"...
"stc89c52_digital_clock" - 0 Error(s), 1 Warning(s).
Build target '目标 1'
assembling STARTUP.A51...
compiling utils.c...
compiling led_seg.c...
compiling ds1302.c...
compiling keyboard.c...
compiling main.c...
linking...
*** WARNING L16: UNCALLED SEGMENT, IGNORED FOR OVERLAY PROCESS
    SEGMENT: ?PR?DS1302_STOP?DS1302
Program Size: data=57.2 xdata=0 code=1404
creating hex file from "stc89c52_digital_clock"...
"stc89c52_digital_clock" - 0 Error(s), 1 Warning(s).
Build target '目标 1'
assembling STARTUP.A51...
compiling utils.c...
compiling led_seg.c...
compiling ds1302.c...
compiling keyboard.c...
compiling main.c...
linking...
*** WARNING L16: UNCALLED SEGMENT, IGNORED FOR OVERLAY PROCESS
    SEGMENT: ?PR?DS1302_STOP?DS1302
Program Size: data=57.2 xdata=0 code=1402
creating hex file from "stc89c52_digital_clock"...
"stc89c52_digital_clock" - 0 Error(s), 1 Warning(s).
Build target '目标 1'
assembling STARTUP.A51...
compiling utils.c...
compiling led_seg.c...
compiling ds1302.c...
compiling keyboard.c...
compiling main.c...
linking...
*** WARNING L16: UNCALLED SEGMENT, IGNORED FOR OVERLAY PROCESS
    SEGMENT: ?PR?DS1302_STOP?DS1302
Program Size: data=57.2 xdata=0 code=1401
creating hex file from "stc89c52_digital_clock"...
"stc89c52_digital_clock" - 0 Error(s), 1 Warning(s).
Build target '目标 1'
assembling STARTUP.A51...
compiling utils.c...
compiling led_seg.c...
compiling ds1302.c...
SRC\DS1302.C(57): error C236: 'ds1302_init': different length of parameter lists
compiling keyboard.c...
compiling main.c...
SRC\MAIN.C(53): error C207: 'ds1302_init': declared with 'void' parameter list
目标未创建
Build target '目标 1'
assembling STARTUP.A51...
compiling utils.c...
compiling led_seg.c...
compiling ds1302.c...
compiling keyboard.c...
compiling main.c...
linking...
*** WARNING L16: UNCALLED SEGMENT, IGNORED FOR OVERLAY PROCESS
    SEGMENT: ?PR?DS1302_STOP?DS1302
Program Size: data=57.2 xdata=0 code=1461
creating hex file from "stc89c52_digital_clock"...
"stc89c52_digital_clock" - 0 Error(s), 1 Warning(s).
Build target '目标 1'
assembling STARTUP.A51...
compiling utils.c...
compiling led_seg.c...
compiling ds1302.c...
compiling keyboard.c...
compiling main.c...
linking...
*** WARNING L16: UNCALLED SEGMENT, IGNORED FOR OVERLAY PROCESS
    SEGMENT: ?PR?DS1302_STOP?DS1302
Program Size: data=56.2 xdata=0 code=1435
creating hex file from "stc89c52_digital_clock"...
"stc89c52_digital_clock" - 0 Error(s), 1 Warning(s).
Build target '目标 1'
assembling STARTUP.A51...
compiling utils.c...
compiling led_seg.c...
compiling ds1302.c...
compiling keyboard.c...
compiling main.c...
linking...
*** WARNING L16: UNCALLED SEGMENT, IGNORED FOR OVERLAY PROCESS
    SEGMENT: ?PR?DS1302_STOP?DS1302
Program Size: data=56.2 xdata=0 code=1435
creating hex file from "stc89c52_digital_clock"...
"stc89c52_digital_clock" - 0 Error(s), 1 Warning(s).
Build target '目标 1'
assembling STARTUP.A51...
compiling utils.c...
compiling led_seg.c...
compiling ds1302.c...
compiling keyboard.c...
compiling main.c...
linking...
*** WARNING L16: UNCALLED SEGMENT, IGNORED FOR OVERLAY PROCESS
    SEGMENT: ?PR?DS1302_STOP?DS1302
Program Size: data=56.2 xdata=0 code=1435
creating hex file from "stc89c52_digital_clock"...
"stc89c52_digital_clock" - 0 Error(s), 1 Warning(s).
Build target '目标 1'
assembling STARTUP.A51...
compiling utils.c...
compiling led_seg.c...
compiling ds1302.c...
compiling keyboard.c...
compiling main.c...
linking...
*** WARNING L16: UNCALLED SEGMENT, IGNORED FOR OVERLAY PROCESS
    SEGMENT: ?PR?DS1302_STOP?DS1302
Program Size: data=56.2 xdata=0 code=1435
creating hex file from "stc89c52_digital_clock"...
"stc89c52_digital_clock" - 0 Error(s), 1 Warning(s).
Build target '目标 1'
assembling STARTUP.A51...
compiling utils.c...
compiling led_seg.c...
compiling ds1302.c...
compiling keyboard.c...
compiling main.c...
linking...
Program Size: data=56.2 xdata=0 code=1446
creating hex file from "stc89c52_digital_clock"...
"stc89c52_digital_clock" - 0 Error(s), 0 Warning(s).
Build target '目标 1'
assembling STARTUP.A51...
compiling utils.c...
compiling led_seg.c...
compiling ds1302.c...
compiling keyboard.c...
compiling main.c...
linking...
Program Size: data=56.2 xdata=0 code=1453
creating hex file from "stc89c52_digital_clock"...
"stc89c52_digital_clock" - 0 Error(s), 0 Warning(s).
Build target '目标 1'
assembling STARTUP.A51...
compiling utils.c...
compiling led_seg.c...
compiling ds1302.c...
compiling keyboard.c...
compiling main.c...
linking...
Program Size: data=56.2 xdata=0 code=1453
creating hex file from "stc89c52_digital_clock"...
"stc89c52_digital_clock" - 0 Error(s), 0 Warning(s).
Build target '目标 1'
assembling STARTUP.A51...
compiling utils.c...
compiling led_seg.c...
compiling ds1302.c...
compiling keyboard.c...
compiling main.c...
SRC\MAIN.C(73): error C202: 'DS1302_ADDR_DAY': undefined identifier
SRC\MAIN.C(74): error C202: 'DS1302_ADDR_MON': undefined identifier
SRC\MAIN.C(75): error C202: 'DS1302_ADDR_YEAR': undefined identifier
SRC\MAIN.C(92): error C202: 'DS1302_ADDR_DAY': undefined identifier
SRC\MAIN.C(96): error C202: 'DS1302_ADDR_MON': undefined identifier
SRC\MAIN.C(100): error C202: 'DS1302_ADDR_YEAR': undefined identifier
SRC\MAIN.C(116): error C202: 'DS1302_ADDR_SEC': undefined identifier
SRC\MAIN.C(117): error C202: 'DS1302_ADDR_MIN': undefined identifier
SRC\MAIN.C(118): error C202: 'DS1302_ADDR_HOUR': undefined identifier
目标未创建
Build target '目标 1'
assembling STARTUP.A51...
compiling utils.c...
compiling led_seg.c...
compiling ds1302.c...
compiling keyboard.c...
compiling main.c...
linking...
Program Size: data=56.2 xdata=0 code=1455
creating hex file from "stc89c52_digital_clock"...
"stc89c52_digital_clock" - 0 Error(s), 0 Warning(s).
Build target '目标 1'
assembling STARTUP.A51...
compiling utils.c...
compiling led_seg.c...
compiling ds1302.c...
compiling keyboard.c...
compiling main.c...
linking...
Program Size: data=56.2 xdata=0 code=1455
creating hex file from "stc89c52_digital_clock"...
"stc89c52_digital_clock" - 0 Error(s), 0 Warning(s).
Build target '目标 1'
assembling STARTUP.A51...
compiling utils.c...
compiling led_seg.c...
compiling ds1302.c...
compiling keyboard.c...
compiling main.c...
linking...
Program Size: data=56.2 xdata=0 code=1455
creating hex file from "stc89c52_digital_clock"...
"stc89c52_digital_clock" - 0 Error(s), 0 Warning(s).
Build target '目标 1'
assembling STARTUP.A51...
compiling utils.c...
compiling led_seg.c...
compiling ds1302.c...
compiling keyboard.c...
compiling main.c...
linking...
Program Size: data=56.2 xdata=0 code=1455
creating hex file from "stc89c52_digital_clock"...
"stc89c52_digital_clock" - 0 Error(s), 0 Warning(s).
Build target '目标 1'
assembling STARTUP.A51...
compiling utils.c...
compiling led_seg.c...
compiling ds1302.c...
compiling keyboard.c...
compiling main.c...
linking...
Program Size: data=56.2 xdata=0 code=1473
creating hex file from "stc89c52_digital_clock"...
"stc89c52_digital_clock" - 0 Error(s), 0 Warning(s).
Build target '目标 1'
assembling STARTUP.A51...
compiling utils.c...
compiling led_seg.c...
compiling ds1302.c...
compiling keyboard.c...
compiling main.c...
linking...
Program Size: data=56.2 xdata=0 code=1473
creating hex file from "stc89c52_digital_clock"...
"stc89c52_digital_clock" - 0 Error(s), 0 Warning(s).
Build target '目标 1'
assembling STARTUP.A51...
compiling utils.c...
compiling led_seg.c...
compiling ds1302.c...
compiling keyboard.c...
compiling main.c...
linking...
Program Size: data=56.2 xdata=0 code=1473
creating hex file from "stc89c52_digital_clock"...
"stc89c52_digital_clock" - 0 Error(s), 0 Warning(s).
Build target '目标 1'
assembling STARTUP.A51...
compiling utils.c...
compiling led_seg.c...
compiling ds1302.c...
compiling keyboard.c...
compiling main.c...
linking...
Program Size: data=56.2 xdata=0 code=1492
creating hex file from "stc89c52_digital_clock"...
"stc89c52_digital_clock" - 0 Error(s), 0 Warning(s).
Build target '目标 1'
assembling STARTUP.A51...
compiling utils.c...
compiling led_seg.c...
compiling ds1302.c...
compiling keyboard.c...
compiling main.c...
linking...
Program Size: data=56.2 xdata=0 code=1473
creating hex file from "stc89c52_digital_clock"...
"stc89c52_digital_clock" - 0 Error(s), 0 Warning(s).
Build target '目标 1'
assembling STARTUP.A51...
compiling utils.c...
compiling led_seg.c...
compiling ds1302.c...
SRC\DS1302.C(8): warning C206: '__nop__': missing function-prototype
compiling keyboard.c...
compiling main.c...
linking...
*** WARNING L1: UNRESOLVED EXTERNAL SYMBOL
    SYMBOL:  __NOP__
    MODULE:  ds1302.obj (DS1302)
*** WARNING L2: REFERENCE MADE TO UNRESOLVED EXTERNAL
    SYMBOL:  __NOP__
    MODULE:  ds1302.obj (DS1302)
    ADDRESS: 05D0H
*** WARNING L2: REFERENCE MADE TO UNRESOLVED EXTERNAL
    SYMBOL:  __NOP__
    MODULE:  ds1302.obj (DS1302)
    ADDRESS: 05D5H
*** WARNING L2: REFERENCE MADE TO UNRESOLVED EXTERNAL
    SYMBOL:  __NOP__
    MODULE:  ds1302.obj (DS1302)
    ADDRESS: 05DAH
*** WARNING L2: REFERENCE MADE TO UNRESOLVED EXTERNAL
    SYMBOL:  __NOP__
    MODULE:  ds1302.obj (DS1302)
    ADDRESS: 05F2H
*** WARNING L2: REFERENCE MADE TO UNRESOLVED EXTERNAL
    SYMBOL:  __NOP__
    MODULE:  ds1302.obj (DS1302)
    ADDRESS: 05F7H
*** WARNING L2: REFERENCE MADE TO UNRESOLVED EXTERNAL
    SYMBOL:  __NOP__
    MODULE:  ds1302.obj (DS1302)
    ADDRESS: 05FCH
*** WARNING L2: REFERENCE MADE TO UNRESOLVED EXTERNAL
    SYMBOL:  __NOP__
    MODULE:  ds1302.obj (DS1302)
    ADDRESS: 054EH
*** WARNING L2: REFERENCE MADE TO UNRESOLVED EXTERNAL
    SYMBOL:  __NOP__
    MODULE:  ds1302.obj (DS1302)
    ADDRESS: 0553H
*** WARNING L2: REFERENCE MADE TO UNRESOLVED EXTERNAL
    SYMBOL:  __NOP__
    MODULE:  ds1302.obj (DS1302)
    ADDRESS: 0558H
*** WARNING L2: REFERENCE MADE TO UNRESOLVED EXTERNAL
    SYMBOL:  __NOP__
    MODULE:  ds1302.obj (DS1302)
    ADDRESS: 056AH
*** WARNING L2: REFERENCE MADE TO UNRESOLVED EXTERNAL
    SYMBOL:  __NOP__
    MODULE:  ds1302.obj (DS1302)
    ADDRESS: 056FH
*** WARNING L2: REFERENCE MADE TO UNRESOLVED EXTERNAL
    SYMBOL:  __NOP__
    MODULE:  ds1302.obj (DS1302)
    ADDRESS: 057DH
*** WARNING L2: REFERENCE MADE TO UNRESOLVED EXTERNAL
    SYMBOL:  __NOP__
    MODULE:  ds1302.obj (DS1302)
    ADDRESS: 0582H
*** WARNING L2: REFERENCE MADE TO UNRESOLVED EXTERNAL
    SYMBOL:  __NOP__
    MODULE:  ds1302.obj (DS1302)
    ADDRESS: 0587H
*** WARNING L2: REFERENCE MADE TO UNRESOLVED EXTERNAL
    SYMBOL:  __NOP__
    MODULE:  ds1302.obj (DS1302)
    ADDRESS: 0596H
*** WARNING L2: REFERENCE MADE TO UNRESOLVED EXTERNAL
    SYMBOL:  __NOP__
    MODULE:  ds1302.obj (DS1302)
    ADDRESS: 059BH
Program Size: data=57.2 xdata=0 code=1587
creating hex file from "stc89c52_digital_clock"...
"stc89c52_digital_clock" - 0 Error(s), 18 Warning(s).
Build target '目标 1'
assembling STARTUP.A51...
compiling utils.c...
compiling led_seg.c...
compiling ds1302.c...
SRC\DS1302.C(8): warning C206: '__nop__': missing function-prototype
compiling keyboard.c...
compiling main.c...
linking...
*** WARNING L1: UNRESOLVED EXTERNAL SYMBOL
    SYMBOL:  __NOP__
    MODULE:  ds1302.obj (DS1302)
*** WARNING L2: REFERENCE MADE TO UNRESOLVED EXTERNAL
    SYMBOL:  __NOP__
    MODULE:  ds1302.obj (DS1302)
    ADDRESS: 05D0H
*** WARNING L2: REFERENCE MADE TO UNRESOLVED EXTERNAL
    SYMBOL:  __NOP__
    MODULE:  ds1302.obj (DS1302)
    ADDRESS: 05D5H
*** WARNING L2: REFERENCE MADE TO UNRESOLVED EXTERNAL
    SYMBOL:  __NOP__
    MODULE:  ds1302.obj (DS1302)
    ADDRESS: 05DAH
*** WARNING L2: REFERENCE MADE TO UNRESOLVED EXTERNAL
    SYMBOL:  __NOP__
    MODULE:  ds1302.obj (DS1302)
    ADDRESS: 05F2H
*** WARNING L2: REFERENCE MADE TO UNRESOLVED EXTERNAL
    SYMBOL:  __NOP__
    MODULE:  ds1302.obj (DS1302)
    ADDRESS: 05F7H
*** WARNING L2: REFERENCE MADE TO UNRESOLVED EXTERNAL
    SYMBOL:  __NOP__
    MODULE:  ds1302.obj (DS1302)
    ADDRESS: 05FCH
*** WARNING L2: REFERENCE MADE TO UNRESOLVED EXTERNAL
    SYMBOL:  __NOP__
    MODULE:  ds1302.obj (DS1302)
    ADDRESS: 054EH
*** WARNING L2: REFERENCE MADE TO UNRESOLVED EXTERNAL
    SYMBOL:  __NOP__
    MODULE:  ds1302.obj (DS1302)
    ADDRESS: 0553H
*** WARNING L2: REFERENCE MADE TO UNRESOLVED EXTERNAL
    SYMBOL:  __NOP__
    MODULE:  ds1302.obj (DS1302)
    ADDRESS: 0558H
*** WARNING L2: REFERENCE MADE TO UNRESOLVED EXTERNAL
    SYMBOL:  __NOP__
    MODULE:  ds1302.obj (DS1302)
    ADDRESS: 056AH
*** WARNING L2: REFERENCE MADE TO UNRESOLVED EXTERNAL
    SYMBOL:  __NOP__
    MODULE:  ds1302.obj (DS1302)
    ADDRESS: 056FH
*** WARNING L2: REFERENCE MADE TO UNRESOLVED EXTERNAL
    SYMBOL:  __NOP__
    MODULE:  ds1302.obj (DS1302)
    ADDRESS: 057DH
*** WARNING L2: REFERENCE MADE TO UNRESOLVED EXTERNAL
    SYMBOL:  __NOP__
    MODULE:  ds1302.obj (DS1302)
    ADDRESS: 0582H
*** WARNING L2: REFERENCE MADE TO UNRESOLVED EXTERNAL
    SYMBOL:  __NOP__
    MODULE:  ds1302.obj (DS1302)
    ADDRESS: 0587H
*** WARNING L2: REFERENCE MADE TO UNRESOLVED EXTERNAL
    SYMBOL:  __NOP__
    MODULE:  ds1302.obj (DS1302)
    ADDRESS: 0596H
*** WARNING L2: REFERENCE MADE TO UNRESOLVED EXTERNAL
    SYMBOL:  __NOP__
    MODULE:  ds1302.obj (DS1302)
    ADDRESS: 059BH
Program Size: data=57.2 xdata=0 code=1587
creating hex file from "stc89c52_digital_clock"...
"stc89c52_digital_clock" - 0 Error(s), 18 Warning(s).
Build target '目标 1'
assembling STARTUP.A51...
compiling utils.c...
compiling led_seg.c...
compiling ds1302.c...
SRC\DS1302.C(8): warning C206: '__nop__': missing function-prototype
compiling keyboard.c...
compiling main.c...
linking...
*** WARNING L1: UNRESOLVED EXTERNAL SYMBOL
    SYMBOL:  __NOP__
    MODULE:  ds1302.obj (DS1302)
*** WARNING L2: REFERENCE MADE TO UNRESOLVED EXTERNAL
    SYMBOL:  __NOP__
    MODULE:  ds1302.obj (DS1302)
    ADDRESS: 05D0H
*** WARNING L2: REFERENCE MADE TO UNRESOLVED EXTERNAL
    SYMBOL:  __NOP__
    MODULE:  ds1302.obj (DS1302)
    ADDRESS: 05D5H
*** WARNING L2: REFERENCE MADE TO UNRESOLVED EXTERNAL
    SYMBOL:  __NOP__
    MODULE:  ds1302.obj (DS1302)
    ADDRESS: 05DAH
*** WARNING L2: REFERENCE MADE TO UNRESOLVED EXTERNAL
    SYMBOL:  __NOP__
    MODULE:  ds1302.obj (DS1302)
    ADDRESS: 05F2H
*** WARNING L2: REFERENCE MADE TO UNRESOLVED EXTERNAL
    SYMBOL:  __NOP__
    MODULE:  ds1302.obj (DS1302)
    ADDRESS: 05F7H
*** WARNING L2: REFERENCE MADE TO UNRESOLVED EXTERNAL
    SYMBOL:  __NOP__
    MODULE:  ds1302.obj (DS1302)
    ADDRESS: 05FCH
*** WARNING L2: REFERENCE MADE TO UNRESOLVED EXTERNAL
    SYMBOL:  __NOP__
    MODULE:  ds1302.obj (DS1302)
    ADDRESS: 054EH
*** WARNING L2: REFERENCE MADE TO UNRESOLVED EXTERNAL
    SYMBOL:  __NOP__
    MODULE:  ds1302.obj (DS1302)
    ADDRESS: 0553H
*** WARNING L2: REFERENCE MADE TO UNRESOLVED EXTERNAL
    SYMBOL:  __NOP__
    MODULE:  ds1302.obj (DS1302)
    ADDRESS: 0558H
*** WARNING L2: REFERENCE MADE TO UNRESOLVED EXTERNAL
    SYMBOL:  __NOP__
    MODULE:  ds1302.obj (DS1302)
    ADDRESS: 056AH
*** WARNING L2: REFERENCE MADE TO UNRESOLVED EXTERNAL
    SYMBOL:  __NOP__
    MODULE:  ds1302.obj (DS1302)
    ADDRESS: 056FH
*** WARNING L2: REFERENCE MADE TO UNRESOLVED EXTERNAL
    SYMBOL:  __NOP__
    MODULE:  ds1302.obj (DS1302)
    ADDRESS: 057DH
*** WARNING L2: REFERENCE MADE TO UNRESOLVED EXTERNAL
    SYMBOL:  __NOP__
    MODULE:  ds1302.obj (DS1302)
    ADDRESS: 0582H
*** WARNING L2: REFERENCE MADE TO UNRESOLVED EXTERNAL
    SYMBOL:  __NOP__
    MODULE:  ds1302.obj (DS1302)
    ADDRESS: 0587H
*** WARNING L2: REFERENCE MADE TO UNRESOLVED EXTERNAL
    SYMBOL:  __NOP__
    MODULE:  ds1302.obj (DS1302)
    ADDRESS: 0596H
*** WARNING L2: REFERENCE MADE TO UNRESOLVED EXTERNAL
    SYMBOL:  __NOP__
    MODULE:  ds1302.obj (DS1302)
    ADDRESS: 059BH
Program Size: data=57.2 xdata=0 code=1587
creating hex file from "stc89c52_digital_clock"...
"stc89c52_digital_clock" - 0 Error(s), 18 Warning(s).
Build target '目标 1'
assembling STARTUP.A51...
compiling utils.c...
compiling led_seg.c...
compiling ds1302.c...
SRC\DS1302.C(9): warning C206: '__nop__': missing function-prototype
compiling keyboard.c...
compiling main.c...
linking...
*** WARNING L1: UNRESOLVED EXTERNAL SYMBOL
    SYMBOL:  __NOP__
    MODULE:  ds1302.obj (DS1302)
*** WARNING L2: REFERENCE MADE TO UNRESOLVED EXTERNAL
    SYMBOL:  __NOP__
    MODULE:  ds1302.obj (DS1302)
    ADDRESS: 05D0H
*** WARNING L2: REFERENCE MADE TO UNRESOLVED EXTERNAL
    SYMBOL:  __NOP__
    MODULE:  ds1302.obj (DS1302)
    ADDRESS: 05D5H
*** WARNING L2: REFERENCE MADE TO UNRESOLVED EXTERNAL
    SYMBOL:  __NOP__
    MODULE:  ds1302.obj (DS1302)
    ADDRESS: 05DAH
*** WARNING L2: REFERENCE MADE TO UNRESOLVED EXTERNAL
    SYMBOL:  __NOP__
    MODULE:  ds1302.obj (DS1302)
    ADDRESS: 05F2H
*** WARNING L2: REFERENCE MADE TO UNRESOLVED EXTERNAL
    SYMBOL:  __NOP__
    MODULE:  ds1302.obj (DS1302)
    ADDRESS: 05F7H
*** WARNING L2: REFERENCE MADE TO UNRESOLVED EXTERNAL
    SYMBOL:  __NOP__
    MODULE:  ds1302.obj (DS1302)
    ADDRESS: 05FCH
*** WARNING L2: REFERENCE MADE TO UNRESOLVED EXTERNAL
    SYMBOL:  __NOP__
    MODULE:  ds1302.obj (DS1302)
    ADDRESS: 054EH
*** WARNING L2: REFERENCE MADE TO UNRESOLVED EXTERNAL
    SYMBOL:  __NOP__
    MODULE:  ds1302.obj (DS1302)
    ADDRESS: 0553H
*** WARNING L2: REFERENCE MADE TO UNRESOLVED EXTERNAL
    SYMBOL:  __NOP__
    MODULE:  ds1302.obj (DS1302)
    ADDRESS: 0558H
*** WARNING L2: REFERENCE MADE TO UNRESOLVED EXTERNAL
    SYMBOL:  __NOP__
    MODULE:  ds1302.obj (DS1302)
    ADDRESS: 056AH
*** WARNING L2: REFERENCE MADE TO UNRESOLVED EXTERNAL
    SYMBOL:  __NOP__
    MODULE:  ds1302.obj (DS1302)
    ADDRESS: 056FH
*** WARNING L2: REFERENCE MADE TO UNRESOLVED EXTERNAL
    SYMBOL:  __NOP__
    MODULE:  ds1302.obj (DS1302)
    ADDRESS: 057DH
*** WARNING L2: REFERENCE MADE TO UNRESOLVED EXTERNAL
    SYMBOL:  __NOP__
    MODULE:  ds1302.obj (DS1302)
    ADDRESS: 0582H
*** WARNING L2: REFERENCE MADE TO UNRESOLVED EXTERNAL
    SYMBOL:  __NOP__
    MODULE:  ds1302.obj (DS1302)
    ADDRESS: 0587H
*** WARNING L2: REFERENCE MADE TO UNRESOLVED EXTERNAL
    SYMBOL:  __NOP__
    MODULE:  ds1302.obj (DS1302)
    ADDRESS: 0596H
*** WARNING L2: REFERENCE MADE TO UNRESOLVED EXTERNAL
    SYMBOL:  __NOP__
    MODULE:  ds1302.obj (DS1302)
    ADDRESS: 059BH
Program Size: data=57.2 xdata=0 code=1587
creating hex file from "stc89c52_digital_clock"...
"stc89c52_digital_clock" - 0 Error(s), 18 Warning(s).
Build target '目标 1'
assembling STARTUP.A51...
compiling utils.c...
compiling led_seg.c...
compiling ds1302.c...
compiling keyboard.c...
compiling main.c...
linking...
*** WARNING L1: UNRESOLVED EXTERNAL SYMBOL
    SYMBOL:  __NOP__
    MODULE:  ds1302.obj (DS1302)
*** WARNING L2: REFERENCE MADE TO UNRESOLVED EXTERNAL
    SYMBOL:  __NOP__
    MODULE:  ds1302.obj (DS1302)
    ADDRESS: 05D0H
*** WARNING L2: REFERENCE MADE TO UNRESOLVED EXTERNAL
    SYMBOL:  __NOP__
    MODULE:  ds1302.obj (DS1302)
    ADDRESS: 05D5H
*** WARNING L2: REFERENCE MADE TO UNRESOLVED EXTERNAL
    SYMBOL:  __NOP__
    MODULE:  ds1302.obj (DS1302)
    ADDRESS: 05DAH
*** WARNING L2: REFERENCE MADE TO UNRESOLVED EXTERNAL
    SYMBOL:  __NOP__
    MODULE:  ds1302.obj (DS1302)
    ADDRESS: 05F2H
*** WARNING L2: REFERENCE MADE TO UNRESOLVED EXTERNAL
    SYMBOL:  __NOP__
    MODULE:  ds1302.obj (DS1302)
    ADDRESS: 05F7H
*** WARNING L2: REFERENCE MADE TO UNRESOLVED EXTERNAL
    SYMBOL:  __NOP__
    MODULE:  ds1302.obj (DS1302)
    ADDRESS: 05FCH
*** WARNING L2: REFERENCE MADE TO UNRESOLVED EXTERNAL
    SYMBOL:  __NOP__
    MODULE:  ds1302.obj (DS1302)
    ADDRESS: 054EH
*** WARNING L2: REFERENCE MADE TO UNRESOLVED EXTERNAL
    SYMBOL:  __NOP__
    MODULE:  ds1302.obj (DS1302)
    ADDRESS: 0553H
*** WARNING L2: REFERENCE MADE TO UNRESOLVED EXTERNAL
    SYMBOL:  __NOP__
    MODULE:  ds1302.obj (DS1302)
    ADDRESS: 0558H
*** WARNING L2: REFERENCE MADE TO UNRESOLVED EXTERNAL
    SYMBOL:  __NOP__
    MODULE:  ds1302.obj (DS1302)
    ADDRESS: 056AH
*** WARNING L2: REFERENCE MADE TO UNRESOLVED EXTERNAL
    SYMBOL:  __NOP__
    MODULE:  ds1302.obj (DS1302)
    ADDRESS: 056FH
*** WARNING L2: REFERENCE MADE TO UNRESOLVED EXTERNAL
    SYMBOL:  __NOP__
    MODULE:  ds1302.obj (DS1302)
    ADDRESS: 057DH
*** WARNING L2: REFERENCE MADE TO UNRESOLVED EXTERNAL
    SYMBOL:  __NOP__
    MODULE:  ds1302.obj (DS1302)
    ADDRESS: 0582H
*** WARNING L2: REFERENCE MADE TO UNRESOLVED EXTERNAL
    SYMBOL:  __NOP__
    MODULE:  ds1302.obj (DS1302)
    ADDRESS: 0587H
*** WARNING L2: REFERENCE MADE TO UNRESOLVED EXTERNAL
    SYMBOL:  __NOP__
    MODULE:  ds1302.obj (DS1302)
    ADDRESS: 0596H
*** WARNING L2: REFERENCE MADE TO UNRESOLVED EXTERNAL
    SYMBOL:  __NOP__
    MODULE:  ds1302.obj (DS1302)
    ADDRESS: 059BH
Program Size: data=57.2 xdata=0 code=1587
creating hex file from "stc89c52_digital_clock"...
"stc89c52_digital_clock" - 0 Error(s), 17 Warning(s).
Build target '目标 1'
assembling STARTUP.A51...
compiling utils.c...
compiling led_seg.c...
compiling ds1302.c...
SRC\DS1302.C(8): warning C206: '__nop__': missing function-prototype
compiling keyboard.c...
compiling main.c...
linking...
*** WARNING L1: UNRESOLVED EXTERNAL SYMBOL
    SYMBOL:  __NOP__
    MODULE:  ds1302.obj (DS1302)
*** WARNING L2: REFERENCE MADE TO UNRESOLVED EXTERNAL
    SYMBOL:  __NOP__
    MODULE:  ds1302.obj (DS1302)
    ADDRESS: 05D0H
*** WARNING L2: REFERENCE MADE TO UNRESOLVED EXTERNAL
    SYMBOL:  __NOP__
    MODULE:  ds1302.obj (DS1302)
    ADDRESS: 05D5H
*** WARNING L2: REFERENCE MADE TO UNRESOLVED EXTERNAL
    SYMBOL:  __NOP__
    MODULE:  ds1302.obj (DS1302)
    ADDRESS: 05DAH
*** WARNING L2: REFERENCE MADE TO UNRESOLVED EXTERNAL
    SYMBOL:  __NOP__
    MODULE:  ds1302.obj (DS1302)
    ADDRESS: 05F2H
*** WARNING L2: REFERENCE MADE TO UNRESOLVED EXTERNAL
    SYMBOL:  __NOP__
    MODULE:  ds1302.obj (DS1302)
    ADDRESS: 05F7H
*** WARNING L2: REFERENCE MADE TO UNRESOLVED EXTERNAL
    SYMBOL:  __NOP__
    MODULE:  ds1302.obj (DS1302)
    ADDRESS: 05FCH
*** WARNING L2: REFERENCE MADE TO UNRESOLVED EXTERNAL
    SYMBOL:  __NOP__
    MODULE:  ds1302.obj (DS1302)
    ADDRESS: 054EH
*** WARNING L2: REFERENCE MADE TO UNRESOLVED EXTERNAL
    SYMBOL:  __NOP__
    MODULE:  ds1302.obj (DS1302)
    ADDRESS: 0553H
*** WARNING L2: REFERENCE MADE TO UNRESOLVED EXTERNAL
    SYMBOL:  __NOP__
    MODULE:  ds1302.obj (DS1302)
    ADDRESS: 0558H
*** WARNING L2: REFERENCE MADE TO UNRESOLVED EXTERNAL
    SYMBOL:  __NOP__
    MODULE:  ds1302.obj (DS1302)
    ADDRESS: 056AH
*** WARNING L2: REFERENCE MADE TO UNRESOLVED EXTERNAL
    SYMBOL:  __NOP__
    MODULE:  ds1302.obj (DS1302)
    ADDRESS: 056FH
*** WARNING L2: REFERENCE MADE TO UNRESOLVED EXTERNAL
    SYMBOL:  __NOP__
    MODULE:  ds1302.obj (DS1302)
    ADDRESS: 057DH
*** WARNING L2: REFERENCE MADE TO UNRESOLVED EXTERNAL
    SYMBOL:  __NOP__
    MODULE:  ds1302.obj (DS1302)
    ADDRESS: 0582H
*** WARNING L2: REFERENCE MADE TO UNRESOLVED EXTERNAL
    SYMBOL:  __NOP__
    MODULE:  ds1302.obj (DS1302)
    ADDRESS: 0587H
*** WARNING L2: REFERENCE MADE TO UNRESOLVED EXTERNAL
    SYMBOL:  __NOP__
    MODULE:  ds1302.obj (DS1302)
    ADDRESS: 0596H
*** WARNING L2: REFERENCE MADE TO UNRESOLVED EXTERNAL
    SYMBOL:  __NOP__
    MODULE:  ds1302.obj (DS1302)
    ADDRESS: 059BH
Program Size: data=57.2 xdata=0 code=1587
creating hex file from "stc89c52_digital_clock"...
"stc89c52_digital_clock" - 0 Error(s), 18 Warning(s).
Build target '目标 1'
assembling STARTUP.A51...
compiling utils.c...
compiling led_seg.c...
compiling ds1302.c...
compiling keyboard.c...
compiling main.c...
linking...
Program Size: data=56.2 xdata=0 code=1489
creating hex file from "stc89c52_digital_clock"...
"stc89c52_digital_clock" - 0 Error(s), 0 Warning(s).
Build target '目标 1'
assembling STARTUP.A51...
compiling utils.c...
compiling led_seg.c...
compiling ds1302.c...
compiling keyboard.c...
compiling main.c...
linking...
Program Size: data=56.2 xdata=0 code=1499
creating hex file from "stc89c52_digital_clock"...
"stc89c52_digital_clock" - 0 Error(s), 0 Warning(s).
Build target '目标 1'
assembling STARTUP.A51...
compiling utils.c...
compiling led_seg.c...
compiling ds1302.c...
compiling keyboard.c...
compiling main.c...
linking...
Program Size: data=56.2 xdata=0 code=1483
creating hex file from "stc89c52_digital_clock"...
"stc89c52_digital_clock" - 0 Error(s), 0 Warning(s).
Build target '目标 1'
assembling STARTUP.A51...
compiling utils.c...
compiling led_seg.c...
compiling ds1302.c...
compiling keyboard.c...
compiling main.c...
linking...
Program Size: data=56.2 xdata=0 code=1465
creating hex file from "stc89c52_digital_clock"...
"stc89c52_digital_clock" - 0 Error(s), 0 Warning(s).
Build target '目标 1'
assembling STARTUP.A51...
compiling utils.c...
compiling led_seg.c...
compiling ds1302.c...
compiling keyboard.c...
compiling main.c...
linking...
Program Size: data=56.2 xdata=0 code=1460
creating hex file from "stc89c52_digital_clock"...
"stc89c52_digital_clock" - 0 Error(s), 0 Warning(s).
Build target '目标 1'
assembling STARTUP.A51...
compiling utils.c...
compiling led_seg.c...
compiling ds1302.c...
SRC\DS1302.C(105): error C141: syntax error near 'byte'
SRC\DS1302.C(105): error C202: 'ch': undefined identifier
SRC\DS1302.C(107): error C141: syntax error near 'byte'
SRC\DS1302.C(107): error C202: 'hour_high': undefined identifier
SRC\DS1302.C(113): error C202: 'hour_high': undefined identifier
SRC\DS1302.C(115): error C202: 'ch': undefined identifier
compiling keyboard.c...
compiling main.c...
SRC\MAIN.C(58): warning C206: 'ds1302_init': missing function-prototype
SRC\MAIN.C(58): error C267: 'ds1302_init': requires ANSI-style prototype
目标未创建
Build target '目标 1'
assembling STARTUP.A51...
compiling utils.c...
compiling led_seg.c...
compiling ds1302.c...
compiling keyboard.c...
compiling main.c...
SRC\MAIN.C(58): warning C206: 'ds1302_init': missing function-prototype
SRC\MAIN.C(58): error C267: 'ds1302_init': requires ANSI-style prototype
目标未创建
Build target '目标 1'
assembling STARTUP.A51...
compiling utils.c...
compiling led_seg.c...
compiling ds1302.c...
compiling keyboard.c...
compiling main.c...
linking...
*** WARNING L16: UNCALLED SEGMENT, IGNORED FOR OVERLAY PROCESS
    SEGMENT: ?PR?_DS1302_GET_DATETIME?DS1302
Program Size: data=58.2 xdata=0 code=1815
creating hex file from "stc89c52_digital_clock"...
"stc89c52_digital_clock" - 0 Error(s), 1 Warning(s).
Build target '目标 1'
assembling STARTUP.A51...
compiling utils.c...
compiling led_seg.c...
compiling ds1302.c...
compiling keyboard.c...
compiling main.c...
linking...
*** WARNING L16: UNCALLED SEGMENT, IGNORED FOR OVERLAY PROCESS
    SEGMENT: ?PR?_DS1302_GET_DATETIME?DS1302
Program Size: data=58.2 xdata=0 code=1890
creating hex file from "stc89c52_digital_clock"...
"stc89c52_digital_clock" - 0 Error(s), 1 Warning(s).
Build target '目标 1'
assembling STARTUP.A51...
compiling utils.c...
compiling led_seg.c...
compiling ds1302.c...
compiling keyboard.c...
compiling main.c...
linking...
*** WARNING L16: UNCALLED SEGMENT, IGNORED FOR OVERLAY PROCESS
    SEGMENT: ?PR?_DS1302_GET_DATETIME?DS1302
Program Size: data=60.2 xdata=0 code=1888
creating hex file from "stc89c52_digital_clock"...
"stc89c52_digital_clock" - 0 Error(s), 1 Warning(s).
